<?xml version="1.0" encoding="UTF-8"?>
<!-- Generated by org.testng.reporters.JUnitXMLReporter -->
<testsuite ignored="0" hostname="Mahdi" failures="1" tests="7" name="Test" time="3.181" errors="0" timestamp="2023-05-17T01:46:11 EEST">
  <testcase classname="Almosafer1" name="TestContact" time="0.058"/>
  <testcase classname="Almosafer1" name="TestCurrency" time="0.231"/>
  <testcase classname="Almosafer1" name="TestDatePlusOne" time="0.025"/>
  <testcase classname="Almosafer1" name="TestDatePlusTwo" time="0.025">
    <failure type="java.lang.AssertionError" message="expected [20] but found [19]">
      <![CDATA[java.lang.AssertionError: expected [20] but found [19]
at Almosafer1.TestDatePlusTwo(Almosafer1.java:122)
at java.base/java.util.ArrayList.forEach(ArrayList.java:1511)
... Removed 37 stack frames]]>
    </failure>
  </testcase> <!-- TestDatePlusTwo -->
  <testcase classname="Almosafer1" name="TestHotelTapFalse" time="0.12"/>
  <testcase classname="Almosafer1" name="TestLanguage" time="0.03"/>
  <testcase classname="Almosafer1" name="TestQitafLogo2" time="0.579"/>
</testsuite> <!-- Test -->
