<?xml version="1.0" encoding="UTF-8"?>
<testng-results ignored="0" total="5" passed="4" failed="1" skipped="0">
  <reporter-output>
  </reporter-output>
  <suite started-at="2023-05-29T07:24:37 EEST" name="Default suite" finished-at="2023-05-29T07:25:29 EEST" duration-ms="52560">
    <groups>
    </groups>
    <test started-at="2023-05-29T07:24:37 EEST" name="Default test" finished-at="2023-05-29T07:25:29 EEST" duration-ms="52560">
      <class name="Almosafer1">
        <test-method is-config="true" signature="BeforeTestMosafer()[pri:0, instance:Almosafer1@298d9a05]" started-at="2023-05-29T07:24:37 EEST" name="BeforeTestMosafer" finished-at="2023-05-29T07:24:39 EEST" duration-ms="2179" status="PASS">
          <reporter-output>
          </reporter-output>
        </test-method> <!-- BeforeTestMosafer -->
        <test-method signature="TestIHotelSearch()[pri:0, instance:Almosafer1@298d9a05]" started-at="2023-05-29T07:24:39 EEST" name="TestIHotelSearch" description="test 9" finished-at="2023-05-29T07:25:19 EEST" duration-ms="40012" status="PASS">
          <reporter-output>
          </reporter-output>
        </test-method> <!-- TestIHotelSearch -->
        <test-method signature="TestJSelectOptinsRandomly()[pri:0, instance:Almosafer1@298d9a05]" started-at="2023-05-29T07:25:19 EEST" name="TestJSelectOptinsRandomly" description="test 10" finished-at="2023-05-29T07:25:20 EEST" duration-ms="390" status="PASS">
          <reporter-output>
          </reporter-output>
        </test-method> <!-- TestJSelectOptinsRandomly -->
        <test-method signature="TestKSearchButton()[pri:0, instance:Almosafer1@298d9a05]" started-at="2023-05-29T07:25:20 EEST" name="TestKSearchButton" description="test 11" finished-at="2023-05-29T07:25:20 EEST" duration-ms="815" status="PASS">
          <reporter-output>
          </reporter-output>
        </test-method> <!-- TestKSearchButton -->
        <test-method signature="TestLSearchResault()[pri:0, instance:Almosafer1@298d9a05]" started-at="2023-05-29T07:25:20 EEST" name="TestLSearchResault" description="test 12" finished-at="2023-05-29T07:25:29 EEST" duration-ms="8546" status="PASS">
          <reporter-output>
          </reporter-output>
        </test-method> <!-- TestLSearchResault -->
        <test-method signature="TestMLowestPrice()[pri:0, instance:Almosafer1@298d9a05]" started-at="2023-05-29T07:25:29 EEST" name="TestMLowestPrice" description="test 12" finished-at="2023-05-29T07:25:29 EEST" duration-ms="557" status="FAIL">
          <exception class="java.lang.AssertionError">
            <message>
              <![CDATA[expected [false] but found [true]]]>
            </message>
            <full-stacktrace>
              <![CDATA[java.lang.AssertionError: expected [false] but found [true]
at org.testng.Assert.fail(Assert.java:99)
at org.testng.Assert.failNotEquals(Assert.java:1037)
at org.testng.Assert.assertEqualsImpl(Assert.java:140)
at org.testng.Assert.assertEquals(Assert.java:122)
at org.testng.Assert.assertEquals(Assert.java:819)
at org.testng.Assert.assertEquals(Assert.java:829)
at org.testng.asserts.Assertion$19.doAssert(Assertion.java:268)
at org.testng.asserts.Assertion.executeAssert(Assertion.java:25)
at org.testng.asserts.Assertion.doAssert(Assertion.java:12)
at org.testng.asserts.Assertion.assertEquals(Assertion.java:264)
at Almosafer1.TestMLowestPrice(Almosafer1.java:236)
at java.base/jdk.internal.reflect.NativeMethodAccessorImpl.invoke0(Native Method)
at java.base/jdk.internal.reflect.NativeMethodAccessorImpl.invoke(NativeMethodAccessorImpl.java:77)
at java.base/jdk.internal.reflect.DelegatingMethodAccessorImpl.invoke(DelegatingMethodAccessorImpl.java:43)
at java.base/java.lang.reflect.Method.invoke(Method.java:568)
at org.testng.internal.MethodInvocationHelper.invokeMethod(MethodInvocationHelper.java:133)
at org.testng.internal.TestInvoker.invokeMethod(TestInvoker.java:598)
at org.testng.internal.TestInvoker.invokeTestMethod(TestInvoker.java:173)
at org.testng.internal.MethodRunner.runInSequence(MethodRunner.java:46)
at org.testng.internal.TestInvoker$MethodInvocationAgent.invoke(TestInvoker.java:824)
at org.testng.internal.TestInvoker.invokeTestMethods(TestInvoker.java:146)
at org.testng.internal.TestMethodWorker.invokeTestMethods(TestMethodWorker.java:146)
at org.testng.internal.TestMethodWorker.run(TestMethodWorker.java:128)
at java.base/java.util.ArrayList.forEach(ArrayList.java:1511)
at org.testng.TestRunner.privateRun(TestRunner.java:794)
at org.testng.TestRunner.run(TestRunner.java:596)
at org.testng.SuiteRunner.runTest(SuiteRunner.java:377)
at org.testng.SuiteRunner.runSequentially(SuiteRunner.java:371)
at org.testng.SuiteRunner.privateRun(SuiteRunner.java:332)
at org.testng.SuiteRunner.run(SuiteRunner.java:276)
at org.testng.SuiteRunnerWorker.runSuite(SuiteRunnerWorker.java:53)
at org.testng.SuiteRunnerWorker.run(SuiteRunnerWorker.java:96)
at org.testng.TestNG.runSuitesSequentially(TestNG.java:1212)
at org.testng.TestNG.runSuitesLocally(TestNG.java:1134)
at org.testng.TestNG.runSuites(TestNG.java:1063)
at org.testng.TestNG.run(TestNG.java:1031)
at org.testng.remote.AbstractRemoteTestNG.run(AbstractRemoteTestNG.java:115)
at org.testng.remote.RemoteTestNG.initAndRun(RemoteTestNG.java:251)
at org.testng.remote.RemoteTestNG.main(RemoteTestNG.java:77)
]]>
            </full-stacktrace>
          </exception> <!-- java.lang.AssertionError -->
          <reporter-output>
          </reporter-output>
        </test-method> <!-- TestMLowestPrice -->
        <test-method is-config="true" signature="AfterTestMosafer()[pri:0, instance:Almosafer1@298d9a05]" started-at="2023-05-29T07:25:29 EEST" name="AfterTestMosafer" finished-at="2023-05-29T07:25:29 EEST" duration-ms="0" status="PASS">
          <reporter-output>
          </reporter-output>
        </test-method> <!-- AfterTestMosafer -->
      </class> <!-- Almosafer1 -->
    </test> <!-- Default test -->
  </suite> <!-- Default suite -->
</testng-results>
